<?xml version="1.0" encoding="UTF-8"?>
<!-- Generated by org.testng.reporters.JUnitXMLReporter -->
<testsuite ignored="0" hostname="DESKTOP-Q7K9SM7" failures="0" tests="7" name="Test" time="25.609" errors="0" timestamp="2023-02-15T10:40:13 IST">
  <testcase classname="com.AmazonAutomation.QA.BaseClassPackage.BaseClass" name="initialize" time="4.118"/>
  <testcase classname="com.AmazonAutomation.QA.BaseClassPackage.BaseClass" name="initialize" time="1.351"/>
  <testcase classname="com.AmazonAutomation.QA.TestCasePackage.LaunchAndLoginTC" name="createObject" time="0.004"/>
  <testcase classname="com.AmazonAutomation.QA.TestCasePackage.LaunchAndLoginTC" name="launchApplicationusingURL" time="4.503"/>
  <testcase classname="com.AmazonAutomation.QA.BaseClassPackage.BaseClass" name="initialize" time="2.447"/>
  <testcase classname="com.AmazonAutomation.QA.TestCasePackage.ElectronicsTC" name="createObjects" time="0.003"/>
  <testcase classname="com.AmazonAutomation.QA.TestCasePackage.ElectronicsTC" name="executeTC_displayHomePageForElectronicsMainMenu" time="13.041"/>
</testsuite> <!-- Test -->
