<?xml version="1.0" encoding="UTF-8"?>
<!-- Generated by org.testng.reporters.JUnitXMLReporter -->
<testsuite ignored="0" hostname="DESKTOP-Q7K9SM7" failures="0" tests="9" name="Default test" time="53.666" errors="0" timestamp="2023-02-15T11:10:07 IST">
  <testcase classname="com.AmazonAutomation.QA.BaseClassPackage.BaseClass" name="initialize" time="4.158"/>
  <testcase classname="com.AmazonAutomation.QA.TestCasePackage.LaunchAndLoginTC" name="createObject" time="0.005"/>
  <testcase classname="com.AmazonAutomation.QA.TestCasePackage.LaunchAndLoginTC" name="executeTC_displayproducts" time="8.639"/>
  <testcase classname="com.AmazonAutomation.QA.TestCasePackage.LaunchAndLoginTC" name="executeTC_displayproducts" time="8.227"/>
  <testcase classname="com.AmazonAutomation.QA.TestCasePackage.LaunchAndLoginTC" name="executeTC_displayproducts" time="6.966"/>
  <testcase classname="com.AmazonAutomation.QA.TestCasePackage.LaunchAndLoginTC" name="executeTC_displayproducts" time="7.714"/>
  <testcase classname="com.AmazonAutomation.QA.TestCasePackage.LaunchAndLoginTC" name="executeTC_displayproducts" time="8.486"/>
  <testcase classname="com.AmazonAutomation.QA.TestCasePackage.LaunchAndLoginTC" name="executeTC_displayproducts" time="6.377"/>
  <testcase classname="com.AmazonAutomation.QA.TestCasePackage.LaunchAndLoginTC" name="launchApplicationusingURL" time="2.898"/>
</testsuite> <!-- Default test -->
